0 info it worked if it ends with ok
1 verbose cli [ 'c:\\Program Files\\nodejs\\node.exe',
1 verbose cli   'c:\\Program Files\\nodejs\\node_modules\\npm\\bin\\npm-cli.js',
1 verbose cli   'run',
1 verbose cli   'test-single-run' ]
2 info using npm@1.4.3
3 info using node@v0.10.26
4 verbose run-script [ 'pretest-single-run',
4 verbose run-script   'test-single-run',
4 verbose run-script   'posttest-single-run' ]
5 info pretest-single-run angular-seed@0.0.0
6 info test-single-run angular-seed@0.0.0
7 verbose unsafe-perm in lifecycle true
8 info angular-seed@0.0.0 Failed to exec test-single-run script
9 error angular-seed@0.0.0 test-single-run: `karma start test/karma.conf.js  --single-run`
9 error Exit status 1
10 error Failed at the angular-seed@0.0.0 test-single-run script.
10 error This is most likely a problem with the angular-seed package,
10 error not with npm itself.
10 error Tell the author that this fails on your system:
10 error     karma start test/karma.conf.js  --single-run
10 error You can get their info via:
10 error     npm owner ls angular-seed
10 error There is likely additional logging output above.
11 error System Windows_NT 6.1.7601
12 error command "c:\\Program Files\\nodejs\\node.exe" "c:\\Program Files\\nodejs\\node_modules\\npm\\bin\\npm-cli.js" "run" "test-single-run"
13 error cwd d:\projects\GITHUB\avenir-mean
14 error node -v v0.10.26
15 error npm -v 1.4.3
16 error code ELIFECYCLE
17 verbose exit [ 1, true ]
